<?xml version="1.0" encoding="UTF-8"?>
<!-- Generated by org.testng.reporters.JUnitXMLReporter -->
<testsuite ignored="1" hostname="DESKTOP-SLD8Q7B" failures="0" tests="1" name="chrome test" time="28.264" errors="0" timestamp="2023-09-04T07:50:36 GST">
  <testcase classname="com.qalegendbilling.testscript.LoginTest" name="TC_002_verifyValidLogin" time="9.333"/>
  <testcase classname="com.qalegendbilling.testscript.LoginTest" name="TC_003_verifyInvalidLogin" time="0.0">
    <ignored/>
  </testcase> <!-- TC_003_verifyInvalidLogin -->
</testsuite> <!-- chrome test -->
