<?xml version="1.0" encoding="UTF-8"?>
<!-- Generated by org.testng.reporters.JUnitXMLReporter -->
<testsuite ignored="1" hostname="DESKTOP-SLD8Q7B" failures="0" tests="3" name="edge test" time="27.947" errors="0" timestamp="2023-09-04T07:40:05 GST">
  <testcase classname="com.qalegendbilling.testscript.LoginTest" name="TC_003_verifyInvalidLogin" time="0.0">
    <skipped/>
  </testcase> <!-- TC_003_verifyInvalidLogin -->
  <testcase classname="com.qalegendbilling.testscript.LoginTest" name="TC_003_verifyInvalidLogin" time="0.0">
    <skipped/>
  </testcase> <!-- TC_003_verifyInvalidLogin -->
  <testcase classname="com.qalegendbilling.testscript.LoginTest" name="TC_003_verifyInvalidLogin" time="0.002">
    <skipped/>
  </testcase> <!-- TC_003_verifyInvalidLogin -->
  <testcase classname="com.qalegendbilling.testscript.LoginTest" name="TC_002_verifyValidLogin" time="0.0">
    <ignored/>
  </testcase> <!-- TC_002_verifyValidLogin -->
</testsuite> <!-- edge test -->
