<?xml version="1.0" encoding="UTF-8"?>
<!-- Generated by org.testng.reporters.JUnitXMLReporter -->
<testsuite ignored="1" hostname="DESKTOP-SLD8Q7B" failures="0" tests="3" name="firefox test" time="77.4" errors="0" timestamp="2023-09-04T07:51:53 GST">
  <testcase classname="com.qalegendbilling.testscript.LoginTest" name="TC_003_verifyInvalidLogin" time="3.27"/>
  <testcase classname="com.qalegendbilling.testscript.LoginTest" name="TC_003_verifyInvalidLogin" time="2.737"/>
  <testcase classname="com.qalegendbilling.testscript.LoginTest" name="TC_003_verifyInvalidLogin" time="3.705"/>
  <testcase classname="com.qalegendbilling.testscript.LoginTest" name="TC_002_verifyValidLogin" time="0.0">
    <ignored/>
  </testcase> <!-- TC_002_verifyValidLogin -->
</testsuite> <!-- firefox test -->
