<?xml version="1.0" encoding="UTF-8"?>
<!-- Generated by org.testng.reporters.JUnitXMLReporter -->
<testsuite ignored="9" hostname="DESKTOP-SLD8Q7B" failures="0" tests="1" name="Parameter testing-grouping" time="27.427" errors="0" timestamp="2023-09-05T09:48:23 GST">
  <testcase classname="com.qalegendbilling.testscript.LoginTest" name="TC_002_verifyValidLogin" time="6.936"/>
  <testcase classname="com.qalegendbilling.testscript.HomeTest" name="TC_001_verifyHomePageTitle" time="0.0">
    <ignored/>
  </testcase> <!-- TC_001_verifyHomePageTitle -->
  <testcase classname="com.qalegendbilling.testscript.UserManagementTest" name="TC_007_verifuUserManagementTabsAreDisplayed" time="0.0">
    <ignored/>
  </testcase> <!-- TC_007_verifuUserManagementTabsAreDisplayed -->
  <testcase classname="com.qalegendbilling.testscript.RolesTest" name="TC_006_verifyRoleSearch" time="0.0">
    <ignored/>
  </testcase> <!-- TC_006_verifyRoleSearch -->
  <testcase classname="com.qalegendbilling.testscript.ResetTest" name="TC_005_errorMessage_Displayed_onthe_Reset_passwordPage_with_InavlidemailID" time="0.0">
    <ignored/>
  </testcase> <!-- TC_005_errorMessage_Displayed_onthe_Reset_passwordPage_with_InavlidemailID -->
  <testcase classname="com.qalegendbilling.testscript.SalesCommissionAgentsTest" name="TC_006_addSalesCommissionAgents" time="0.0">
    <ignored/>
  </testcase> <!-- TC_006_addSalesCommissionAgents -->
  <testcase classname="com.qalegendbilling.testscript.LoginTest" name="TC_003_verifyInvalidLogin" time="0.0">
    <ignored/>
  </testcase> <!-- TC_003_verifyInvalidLogin -->
  <testcase classname="com.qalegendbilling.testscript.SignoutTest" name="TC_004_verifyuser_isNavigate_to_LoginPage_by_clicking_signout" time="0.0">
    <ignored/>
  </testcase> <!-- TC_004_verifyuser_isNavigate_to_LoginPage_by_clicking_signout -->
  <testcase classname="com.qalegendbilling.testscript.UsersTest" name="TC_008_verifyUserSearch" time="0.0">
    <ignored/>
  </testcase> <!-- TC_008_verifyUserSearch -->
  <testcase classname="com.qalegendbilling.testscript.UsersTest" name="TC_006_verifyAddUserDetails" time="0.0">
    <ignored/>
  </testcase> <!-- TC_006_verifyAddUserDetails -->
</testsuite> <!-- Parameter testing-grouping -->
