<?xml version="1.0" encoding="UTF-8"?>
<!-- Generated by org.testng.reporters.JUnitXMLReporter -->
<testsuite ignored="0" hostname="DESKTOP-SLD8Q7B" failures="0" tests="4" name="parallel testing firefox" time="48.576" errors="0" timestamp="2023-09-06T07:17:35 GST">
  <testcase classname="com.qalegendbilling.testscript.LoginTest" name="TC_003_verifyInvalidLogin" time="0.001">
    <skipped/>
  </testcase> <!-- TC_003_verifyInvalidLogin -->
  <testcase classname="com.qalegendbilling.testscript.LoginTest" name="TC_003_verifyInvalidLogin" time="0.0">
    <skipped/>
  </testcase> <!-- TC_003_verifyInvalidLogin -->
  <testcase classname="com.qalegendbilling.testscript.LoginTest" name="TC_002_verifyValidLogin" time="0.041">
    <skipped/>
  </testcase> <!-- TC_002_verifyValidLogin -->
  <testcase classname="com.qalegendbilling.testscript.LoginTest" name="TC_003_verifyInvalidLogin" time="0.0">
    <skipped/>
  </testcase> <!-- TC_003_verifyInvalidLogin -->
</testsuite> <!-- parallel testing firefox -->
